<?xml version="1.0" encoding="UTF-8"?>
<testsuite name="com.invoiceGenerator.InvoiceGeneratorTest" tests="1" skipped="0" failures="0" errors="0" timestamp="2021-04-27T08:11:20" hostname="LAPTOP-TLTN6P2Q" time="0.047">
  <properties/>
  <testcase name="GivenDistanceAndTime_ShouldReturn_Fare()" classname="com.invoiceGenerator.InvoiceGeneratorTest" time="0.047"/>
  <system-out><![CDATA[]]></system-out>
  <system-err><![CDATA[]]></system-err>
</testsuite>
